2005.09.21 02:12 B C:\Bo Data Files\BoHomePage\homepage\teaching\courses\phs205\contents\lectures\dc_circuit\axon.gif --> cs.salemstate.edu /home/faculty/bhatfield/public_html/teaching/courses/phs205/contents/lectures/dc_circuit axon.gif
2005.09.21 02:12 B C:\Bo Data Files\BoHomePage\homepage\teaching\courses\phs205\contents\lectures\dc_circuit\axon_circuit.jpg --> cs.salemstate.edu /home/faculty/bhatfield/public_html/teaching/courses/phs205/contents/lectures/dc_circuit axon_circuit.jpg
2005.09.21 02:12 B C:\Bo Data Files\BoHomePage\homepage\teaching\courses\phs205\contents\lectures\dc_circuit\brain-nerve-axon.jpg --> cs.salemstate.edu /home/faculty/bhatfield/public_html/teaching/courses/phs205/contents/lectures/dc_circuit brain-nerve-axon.jpg
2005.09.21 02:12 B C:\Bo Data Files\BoHomePage\homepage\teaching\courses\phs205\contents\lectures\dc_circuit\dc circuits.ppt --> cs.salemstate.edu /home/faculty/bhatfield/public_html/teaching/courses/phs205/contents/lectures/dc_circuit dc circuits.ppt
2005.09.21 02:12 B C:\Bo Data Files\BoHomePage\homepage\teaching\courses\phs205\contents\lectures\dc_circuit\examp1.gif --> cs.salemstate.edu /home/faculty/bhatfield/public_html/teaching/courses/phs205/contents/lectures/dc_circuit examp1.gif
2005.09.21 02:12 B C:\Bo Data Files\BoHomePage\homepage\teaching\courses\phs205\contents\lectures\dc_circuit\Fig1.gif --> cs.salemstate.edu /home/faculty/bhatfield/public_html/teaching/courses/phs205/contents/lectures/dc_circuit Fig1.gif
2005.09.21 02:12 B C:\Bo Data Files\BoHomePage\homepage\teaching\courses\phs205\contents\lectures\dc_circuit\Fig2.gif --> cs.salemstate.edu /home/faculty/bhatfield/public_html/teaching/courses/phs205/contents/lectures/dc_circuit Fig2.gif
2005.09.21 02:12 B C:\Bo Data Files\BoHomePage\homepage\teaching\courses\phs205\contents\lectures\dc_circuit\Fig3.gif --> cs.salemstate.edu /home/faculty/bhatfield/public_html/teaching/courses/phs205/contents/lectures/dc_circuit Fig3.gif
2005.09.21 02:12 B C:\Bo Data Files\BoHomePage\homepage\teaching\courses\phs205\contents\lectures\dc_circuit\kirchoff.gif --> cs.salemstate.edu /home/faculty/bhatfield/public_html/teaching/courses/phs205/contents/lectures/dc_circuit kirchoff.gif
2005.09.21 02:13 B C:\Bo Data Files\BoHomePage\homepage\teaching\courses\phs205\contents\lectures\dc_circuit\kirchoff_example.pdf --> cs.salemstate.edu /home/faculty/bhatfield/public_html/teaching/courses/phs205/contents/lectures/dc_circuit kirchoff_example.pdf
2005.09.21 02:13 B C:\Bo Data Files\BoHomePage\homepage\teaching\courses\phs205\contents\lectures\dc_circuit\rc_circuit.gif --> cs.salemstate.edu /home/faculty/bhatfield/public_html/teaching/courses/phs205/contents/lectures/dc_circuit rc_circuit.gif
2005.09.21 02:13 B C:\Bo Data Files\BoHomePage\homepage\teaching\courses\phs205\contents\lectures\dc_circuit\rc_time_constant.GIF --> cs.salemstate.edu /home/faculty/bhatfield/public_html/teaching/courses/phs205/contents/lectures/dc_circuit rc_time_constant.GIF
2005.09.21 02:13 B C:\Bo Data Files\BoHomePage\homepage\teaching\courses\phs205\contents\lectures\dc_circuit\Thumbs.db --> cs.salemstate.edu /home/faculty/bhatfield/public_html/teaching/courses/phs205/contents/lectures/dc_circuit Thumbs.db
2005.09.23 06:59 B C:\Bo Data Files\BoHomePage\homepage\teaching\courses\phs205\contents\lectures\fall2005\dc_circuit\dc circuits.pps --> cs.salemstate.edu /home/faculty/bhatfield/public_html/teaching/courses/phs205/contents/lectures/fall2005/dc_circuit dc circuits.pps
2005.09.23 06:59 B C:\Bo Data Files\BoHomePage\homepage\teaching\courses\phs205\contents\lectures\fall2005\dc_circuit\WS_FTP.LOG --> cs.salemstate.edu /home/faculty/bhatfield/public_html/teaching/courses/phs205/contents/lectures/fall2005/dc_circuit WS_FTP.LOG
2005.09.23 06:59 B C:\Bo Data Files\BoHomePage\homepage\teaching\courses\phs205\contents\lectures\fall2005\dc_circuit\dc circuits.ppt --> cs.salemstate.edu /home/faculty/bhatfield/public_html/teaching/courses/phs205/contents/lectures/fall2005/dc_circuit dc circuits.ppt
2005.09.23 06:59 B C:\Bo Data Files\BoHomePage\homepage\teaching\courses\phs205\contents\lectures\fall2005\dc_circuit\Thumbs.db --> cs.salemstate.edu /home/faculty/bhatfield/public_html/teaching/courses/phs205/contents/lectures/fall2005/dc_circuit Thumbs.db
2005.09.23 06:59 B C:\Bo Data Files\BoHomePage\homepage\teaching\courses\phs205\contents\lectures\fall2005\dc_circuit\axon.gif --> cs.salemstate.edu /home/faculty/bhatfield/public_html/teaching/courses/phs205/contents/lectures/fall2005/dc_circuit axon.gif
2005.09.23 06:59 B C:\Bo Data Files\BoHomePage\homepage\teaching\courses\phs205\contents\lectures\fall2005\dc_circuit\brain-nerve-axon.jpg --> cs.salemstate.edu /home/faculty/bhatfield/public_html/teaching/courses/phs205/contents/lectures/fall2005/dc_circuit brain-nerve-axon.jpg
2005.09.23 06:59 B C:\Bo Data Files\BoHomePage\homepage\teaching\courses\phs205\contents\lectures\fall2005\dc_circuit\axon_circuit.jpg --> cs.salemstate.edu /home/faculty/bhatfield/public_html/teaching/courses/phs205/contents/lectures/fall2005/dc_circuit axon_circuit.jpg
2005.09.23 06:59 B C:\Bo Data Files\BoHomePage\homepage\teaching\courses\phs205\contents\lectures\fall2005\dc_circuit\rc_circuit.gif --> cs.salemstate.edu /home/faculty/bhatfield/public_html/teaching/courses/phs205/contents/lectures/fall2005/dc_circuit rc_circuit.gif
2005.09.23 06:59 B C:\Bo Data Files\BoHomePage\homepage\teaching\courses\phs205\contents\lectures\fall2005\dc_circuit\rc_time_constant.GIF --> cs.salemstate.edu /home/faculty/bhatfield/public_html/teaching/courses/phs205/contents/lectures/fall2005/dc_circuit rc_time_constant.GIF
2005.09.23 06:59 B C:\Bo Data Files\BoHomePage\homepage\teaching\courses\phs205\contents\lectures\fall2005\dc_circuit\kirchoff_example.pdf --> cs.salemstate.edu /home/faculty/bhatfield/public_html/teaching/courses/phs205/contents/lectures/fall2005/dc_circuit kirchoff_example.pdf
2005.09.23 06:59 B C:\Bo Data Files\BoHomePage\homepage\teaching\courses\phs205\contents\lectures\fall2005\dc_circuit\kirchoff.gif --> cs.salemstate.edu /home/faculty/bhatfield/public_html/teaching/courses/phs205/contents/lectures/fall2005/dc_circuit kirchoff.gif
2005.09.23 06:59 B C:\Bo Data Files\BoHomePage\homepage\teaching\courses\phs205\contents\lectures\fall2005\dc_circuit\examp1.gif --> cs.salemstate.edu /home/faculty/bhatfield/public_html/teaching/courses/phs205/contents/lectures/fall2005/dc_circuit examp1.gif
2005.09.23 06:59 B C:\Bo Data Files\BoHomePage\homepage\teaching\courses\phs205\contents\lectures\fall2005\dc_circuit\Fig3.gif --> cs.salemstate.edu /home/faculty/bhatfield/public_html/teaching/courses/phs205/contents/lectures/fall2005/dc_circuit Fig3.gif
2005.09.23 06:59 B C:\Bo Data Files\BoHomePage\homepage\teaching\courses\phs205\contents\lectures\fall2005\dc_circuit\Fig2.gif --> cs.salemstate.edu /home/faculty/bhatfield/public_html/teaching/courses/phs205/contents/lectures/fall2005/dc_circuit Fig2.gif
2005.09.23 06:59 B C:\Bo Data Files\BoHomePage\homepage\teaching\courses\phs205\contents\lectures\fall2005\dc_circuit\Fig1.gif --> cs.salemstate.edu /home/faculty/bhatfield/public_html/teaching/courses/phs205/contents/lectures/fall2005/dc_circuit Fig1.gif
2005.09.23 07:08 B C:\Bo Data Files\BoHomePage\homepage\teaching\courses\phs205\contents\lectures\fall2005\dc_circuit\dc circuits.pps --> cs.salemstate.edu /home/faculty/bhatfield/public_html/teaching/courses/phs205/contents/lectures/dc_circuit dc circuits.pps
2005.09.28 06:37 B C:\Bo Data Files\BoHomePage\homepage\teaching\courses\phs205\contents\lectures\fall2005\dc_circuit\dc circuits.pps --> cs.salemstate.edu /home/faculty/bhatfield/public_html/teaching/courses/phs205/contents/lectures/dc_circuit dc circuits.pps
2005.09.28 06:44 B C:\Bo Data Files\BoHomePage\homepage\teaching\courses\phs205\contents\lectures\fall2005\dc_circuit\dc circuits.pps --> cs.salemstate.edu /home/faculty/bhatfield/public_html/teaching/courses/phs205/contents/lectures/fall2005/dc_circuit dc circuits.pps
2005.12.02 05:22 B C:\Bo Data Files\BoHomePage\homepage\teaching\courses\phs205\contents\lectures\DC Circuits\axon.gif --> cs.salemstate.edu /home/faculty/bhatfield/public_html/teaching/courses/phs205/contents/lectures/DC Circuits axon.gif
2005.12.02 05:22 B C:\Bo Data Files\BoHomePage\homepage\teaching\courses\phs205\contents\lectures\DC Circuits\axon_circuit.jpg --> cs.salemstate.edu /home/faculty/bhatfield/public_html/teaching/courses/phs205/contents/lectures/DC Circuits axon_circuit.jpg
2005.12.02 05:22 B C:\Bo Data Files\BoHomePage\homepage\teaching\courses\phs205\contents\lectures\DC Circuits\brain-nerve-axon.jpg --> cs.salemstate.edu /home/faculty/bhatfield/public_html/teaching/courses/phs205/contents/lectures/DC Circuits brain-nerve-axon.jpg
2005.12.02 05:22 B C:\Bo Data Files\BoHomePage\homepage\teaching\courses\phs205\contents\lectures\DC Circuits\dc circuits.pps --> cs.salemstate.edu /home/faculty/bhatfield/public_html/teaching/courses/phs205/contents/lectures/DC Circuits dc circuits.pps
2005.12.02 05:23 B C:\Bo Data Files\BoHomePage\homepage\teaching\courses\phs205\contents\lectures\DC Circuits\dc circuits.ppt --> cs.salemstate.edu /home/faculty/bhatfield/public_html/teaching/courses/phs205/contents/lectures/DC Circuits dc circuits.ppt
2005.12.02 05:23 B C:\Bo Data Files\BoHomePage\homepage\teaching\courses\phs205\contents\lectures\DC Circuits\elecCkts.pdf --> cs.salemstate.edu /home/faculty/bhatfield/public_html/teaching/courses/phs205/contents/lectures/DC Circuits elecCkts.pdf
2005.12.02 05:23 B C:\Bo Data Files\BoHomePage\homepage\teaching\courses\phs205\contents\lectures\DC Circuits\examp1.gif --> cs.salemstate.edu /home/faculty/bhatfield/public_html/teaching/courses/phs205/contents/lectures/DC Circuits examp1.gif
2005.12.02 05:23 B C:\Bo Data Files\BoHomePage\homepage\teaching\courses\phs205\contents\lectures\DC Circuits\Fig1.gif --> cs.salemstate.edu /home/faculty/bhatfield/public_html/teaching/courses/phs205/contents/lectures/DC Circuits Fig1.gif
2005.12.02 05:23 B C:\Bo Data Files\BoHomePage\homepage\teaching\courses\phs205\contents\lectures\DC Circuits\Fig2.gif --> cs.salemstate.edu /home/faculty/bhatfield/public_html/teaching/courses/phs205/contents/lectures/DC Circuits Fig2.gif
2005.12.02 05:23 B C:\Bo Data Files\BoHomePage\homepage\teaching\courses\phs205\contents\lectures\DC Circuits\Fig3.gif --> cs.salemstate.edu /home/faculty/bhatfield/public_html/teaching/courses/phs205/contents/lectures/DC Circuits Fig3.gif
2005.12.02 05:23 B C:\Bo Data Files\BoHomePage\homepage\teaching\courses\phs205\contents\lectures\DC Circuits\kirchoff.gif --> cs.salemstate.edu /home/faculty/bhatfield/public_html/teaching/courses/phs205/contents/lectures/DC Circuits kirchoff.gif
2005.12.02 05:23 B C:\Bo Data Files\BoHomePage\homepage\teaching\courses\phs205\contents\lectures\DC Circuits\kirchoff_example.pdf --> cs.salemstate.edu /home/faculty/bhatfield/public_html/teaching/courses/phs205/contents/lectures/DC Circuits kirchoff_example.pdf
2005.12.02 05:23 B C:\Bo Data Files\BoHomePage\homepage\teaching\courses\phs205\contents\lectures\DC Circuits\rc_circuit.gif --> cs.salemstate.edu /home/faculty/bhatfield/public_html/teaching/courses/phs205/contents/lectures/DC Circuits rc_circuit.gif
2005.12.02 05:23 B C:\Bo Data Files\BoHomePage\homepage\teaching\courses\phs205\contents\lectures\DC Circuits\rc_time_constant.GIF --> cs.salemstate.edu /home/faculty/bhatfield/public_html/teaching/courses/phs205/contents/lectures/DC Circuits rc_time_constant.GIF
2008.08.29 20:26 B C:\Users\MAMA\Documents\Bo Document\BoHomePage\homepage\teaching\courses\phs205\contents\lectures\DC Circuits\axon.gif --> cs.salemstate.edu /home/faculty/bhatfield/public_html/teaching/courses/phs205/contents/lectures/DC Circuits axon.gif
2008.08.29 20:26 B C:\Users\MAMA\Documents\Bo Document\BoHomePage\homepage\teaching\courses\phs205\contents\lectures\DC Circuits\axon_circuit.jpg --> cs.salemstate.edu /home/faculty/bhatfield/public_html/teaching/courses/phs205/contents/lectures/DC Circuits axon_circuit.jpg
2008.08.29 20:26 B C:\Users\MAMA\Documents\Bo Document\BoHomePage\homepage\teaching\courses\phs205\contents\lectures\DC Circuits\brain-nerve-axon.jpg --> cs.salemstate.edu /home/faculty/bhatfield/public_html/teaching/courses/phs205/contents/lectures/DC Circuits brain-nerve-axon.jpg
2008.08.29 20:26 B C:\Users\MAMA\Documents\Bo Document\BoHomePage\homepage\teaching\courses\phs205\contents\lectures\DC Circuits\dc circuits.pps --> cs.salemstate.edu /home/faculty/bhatfield/public_html/teaching/courses/phs205/contents/lectures/DC Circuits dc circuits.pps
2008.08.29 20:26 B C:\Users\MAMA\Documents\Bo Document\BoHomePage\homepage\teaching\courses\phs205\contents\lectures\DC Circuits\dc circuits.ppt --> cs.salemstate.edu /home/faculty/bhatfield/public_html/teaching/courses/phs205/contents/lectures/DC Circuits dc circuits.ppt
2008.08.29 20:26 B C:\Users\MAMA\Documents\Bo Document\BoHomePage\homepage\teaching\courses\phs205\contents\lectures\DC Circuits\elecCkts.pdf --> cs.salemstate.edu /home/faculty/bhatfield/public_html/teaching/courses/phs205/contents/lectures/DC Circuits elecCkts.pdf
2008.08.29 20:26 B C:\Users\MAMA\Documents\Bo Document\BoHomePage\homepage\teaching\courses\phs205\contents\lectures\DC Circuits\examp1.gif --> cs.salemstate.edu /home/faculty/bhatfield/public_html/teaching/courses/phs205/contents/lectures/DC Circuits examp1.gif
2008.08.29 20:26 B C:\Users\MAMA\Documents\Bo Document\BoHomePage\homepage\teaching\courses\phs205\contents\lectures\DC Circuits\Fig1.gif --> cs.salemstate.edu /home/faculty/bhatfield/public_html/teaching/courses/phs205/contents/lectures/DC Circuits Fig1.gif
2008.08.29 20:26 B C:\Users\MAMA\Documents\Bo Document\BoHomePage\homepage\teaching\courses\phs205\contents\lectures\DC Circuits\Fig2.gif --> cs.salemstate.edu /home/faculty/bhatfield/public_html/teaching/courses/phs205/contents/lectures/DC Circuits Fig2.gif
2008.08.29 20:26 B C:\Users\MAMA\Documents\Bo Document\BoHomePage\homepage\teaching\courses\phs205\contents\lectures\DC Circuits\Fig3.gif --> cs.salemstate.edu /home/faculty/bhatfield/public_html/teaching/courses/phs205/contents/lectures/DC Circuits Fig3.gif
2008.08.29 20:26 B C:\Users\MAMA\Documents\Bo Document\BoHomePage\homepage\teaching\courses\phs205\contents\lectures\DC Circuits\kirchoff.gif --> cs.salemstate.edu /home/faculty/bhatfield/public_html/teaching/courses/phs205/contents/lectures/DC Circuits kirchoff.gif
2008.08.29 20:27 B C:\Users\MAMA\Documents\Bo Document\BoHomePage\homepage\teaching\courses\phs205\contents\lectures\DC Circuits\kirchoff_example.pdf --> cs.salemstate.edu /home/faculty/bhatfield/public_html/teaching/courses/phs205/contents/lectures/DC Circuits kirchoff_example.pdf
2008.08.29 20:27 B C:\Users\MAMA\Documents\Bo Document\BoHomePage\homepage\teaching\courses\phs205\contents\lectures\DC Circuits\rc_circuit.gif --> cs.salemstate.edu /home/faculty/bhatfield/public_html/teaching/courses/phs205/contents/lectures/DC Circuits rc_circuit.gif
2008.08.29 20:27 B C:\Users\MAMA\Documents\Bo Document\BoHomePage\homepage\teaching\courses\phs205\contents\lectures\DC Circuits\rc_time_constant.GIF --> cs.salemstate.edu /home/faculty/bhatfield/public_html/teaching/courses/phs205/contents/lectures/DC Circuits rc_time_constant.GIF
2008.08.29 20:27 B C:\Users\MAMA\Documents\Bo Document\BoHomePage\homepage\teaching\courses\phs205\contents\lectures\DC Circuits\Thumbs.db --> cs.salemstate.edu /home/faculty/bhatfield/public_html/teaching/courses/phs205/contents/lectures/DC Circuits Thumbs.db
